  PUNTO 2.cpp
h:\punto 2\punto 2\punto 2.cpp(17): warning C4473: 'scanf_s' : not enough arguments passed for format string
  h:\punto 2\punto 2\punto 2.cpp(17): note: placeholders and their parameters expect 2 variadic arguments, but 1 were provided
  h:\punto 2\punto 2\punto 2.cpp(17): note: the missing variadic argument 2 is required by format string '%c'
  h:\punto 2\punto 2\punto 2.cpp(17): note: this argument is used as a buffer size
h:\punto 2\punto 2\punto 2.cpp(20): warning C4473: 'scanf_s' : not enough arguments passed for format string
  h:\punto 2\punto 2\punto 2.cpp(20): note: placeholders and their parameters expect 2 variadic arguments, but 1 were provided
  h:\punto 2\punto 2\punto 2.cpp(20): note: the missing variadic argument 2 is required by format string '%c'
  h:\punto 2\punto 2\punto 2.cpp(20): note: this argument is used as a buffer size
h:\punto 2\punto 2\punto 2.cpp(23): warning C4473: 'scanf_s' : not enough arguments passed for format string
  h:\punto 2\punto 2\punto 2.cpp(23): note: placeholders and their parameters expect 2 variadic arguments, but 1 were provided
  h:\punto 2\punto 2\punto 2.cpp(23): note: the missing variadic argument 2 is required by format string '%c'
  h:\punto 2\punto 2\punto 2.cpp(23): note: this argument is used as a buffer size
h:\punto 2\punto 2\punto 2.cpp(26): warning C4473: 'scanf_s' : not enough arguments passed for format string
  h:\punto 2\punto 2\punto 2.cpp(26): note: placeholders and their parameters expect 2 variadic arguments, but 1 were provided
  h:\punto 2\punto 2\punto 2.cpp(26): note: the missing variadic argument 2 is required by format string '%c'
  h:\punto 2\punto 2\punto 2.cpp(26): note: this argument is used as a buffer size
h:\punto 2\punto 2\punto 2.cpp(29): warning C4473: 'scanf_s' : not enough arguments passed for format string
  h:\punto 2\punto 2\punto 2.cpp(29): note: placeholders and their parameters expect 2 variadic arguments, but 1 were provided
  h:\punto 2\punto 2\punto 2.cpp(29): note: the missing variadic argument 2 is required by format string '%c'
  h:\punto 2\punto 2\punto 2.cpp(29): note: this argument is used as a buffer size
  PUNTO 2.vcxproj -> H:\PUNTO 2\Debug\PUNTO 2.exe
